<?xml version="1.0" encoding="UTF-8"?>
<!-- Generated by org.testng.reporters.JUnitReportReporter -->
<testsuite skipped="0" hostname="Admin-PC" name="com.crm.qa.testcases.LoginPageTest" tests="3" failures="0" timestamp="30 Dec 2017 18:53:34 GMT" time="59.138" errors="0">
  <testcase name="loginPageTitleTest" time="27.769" classname="com.crm.qa.testcases.LoginPageTest"/>
  <testcase name="crmImageTest" time="10.557" classname="com.crm.qa.testcases.LoginPageTest"/>
  <testcase name="loginTest" time="20.812" classname="com.crm.qa.testcases.LoginPageTest"/>
</testsuite> <!-- com.crm.qa.testcases.LoginPageTest -->
